<?xml version="1.0" encoding="UTF-8"?>
<!-- Generated by org.testng.reporters.JUnitReportReporter -->
<testsuite hostname="Naveens-MacBook-Air.local" failures="0" tests="2" name="MavenPrac.Prac1.firstTest" time="0.007" errors="0" timestamp="2022-03-01T09:45:53 IST" skipped="0">
  <testcase classname="MavenPrac.Prac1.firstTest" name="testCase2" time="0.000"/>
  <system-out/>
  <testcase classname="MavenPrac.Prac1.firstTest" name="testCase1" time="0.007"/>
  <system-out/>
</testsuite> <!-- MavenPrac.Prac1.firstTest -->
