<?xml version="1.0" encoding="UTF-8"?>
<!-- Generated by org.testng.reporters.JUnitReportReporter -->
<testsuite hostname="Naveens-MacBook-Air.local" failures="0" tests="1" name="MavenPrac.Prac1.AppTest" time="0.002" errors="0" timestamp="2022-03-01T09:45:53 IST" skipped="0">
  <testcase classname="MavenPrac.Prac1.AppTest" name="testApp" time="0.002"/>
  <system-out/>
</testsuite> <!-- MavenPrac.Prac1.AppTest -->
