<?xml version="1.0" encoding="UTF-8"?>
<!-- Generated by org.testng.reporters.JUnitReportReporter -->
<testsuite hostname="Naveens-MacBook-Air.local" failures="0" tests="2" name="MavenPrac.Prac1.secondTest" time="0.008" errors="0" timestamp="2022-03-01T11:14:58 IST" skipped="0">
  <testcase classname="MavenPrac.Prac1.secondTest" name="testCase4" time="0.000"/>
  <system-out/>
  <testcase classname="MavenPrac.Prac1.secondTest" name="testCase3" time="0.008"/>
  <system-out/>
</testsuite> <!-- MavenPrac.Prac1.secondTest -->
